ERROR (application.model.adb.KeyeventCommand:27) execute - Error Message!
 FATAL (application.model.adb.KeyeventCommand:28) execute - Fatal Message!
 ERROR (application.model.adb.KeyeventCommand:27) execute - Error Message!
 FATAL (application.model.adb.KeyeventCommand:28) execute - Fatal Message!
 TRACE (application.model.adb.TextCommand:19) execute - Trace Message!
 DEBUG (application.model.adb.TextCommand:20) execute - Debug Message!
 INFO (application.model.adb.TextCommand:21) execute - Info Message!
 WARN (application.model.adb.TextCommand:22) execute - Warn Message!
 ERROR (application.model.adb.TextCommand:23) execute - Error Message!
 FATAL (application.model.adb.TextCommand:24) execute - Fatal Message!
 ERROR (application.model.adb.KeyeventCommand:27) execute - Error Message!
 FATAL (application.model.adb.KeyeventCommand:28) execute - Fatal Message!
 ERROR (application.model.adb.KeyeventCommand:27) execute - Error Message!
 FATAL (application.model.adb.KeyeventCommand:28) execute - Fatal Message!
 ERROR (application.model.adb.KeyeventCommand:27) execute - Error Message!
 FATAL (application.model.adb.KeyeventCommand:28) execute - Fatal Message!
 ERROR (application.model.adb.KeyeventCommand:27) execute - Error Message!
 FATAL (application.model.adb.KeyeventCommand:28) execute - Fatal Message!
 ERROR (application.model.adb.KeyeventCommand:27) execute - Error Message!
 FATAL (application.model.adb.KeyeventCommand:28) execute - Fatal Message!
 ERROR (application.model.adb.KeyeventCommand:27) execute - Error Message!
 FATAL (application.model.adb.KeyeventCommand:28) execute - Fatal Message!
 ERROR (application.model.adb.KeyeventCommand:27) execute - Error Message!
 FATAL (application.model.adb.KeyeventCommand:28) execute - Fatal Message!
 